This is pdfTeX, Version 3.14159265-2.6-1.40.16 (TeX Live 2015/Debian) (preloaded format=pdflatex 2018.11.14)  23 JAN 2019 08:37
entering extended mode
 restricted \write18 enabled.
 %&-line parsing enabled.
**perf_time
(./perf_time.tex
LaTeX2e <2016/02/01>
Babel <3.9q> and hyphenation patterns for 81 language(s) loaded.
(/usr/share/texlive/texmf-dist/tex/latex/base/minimal.cls
Document Class: minimal 2001/05/25 Standard LaTeX minimal class
) (/usr/share/texlive/texmf-dist/tex/latex/base/size11.clo
File: size11.clo 2014/09/29 v1.4h Standard LaTeX file (size option)
)
(/usr/share/texlive/texmf-dist/tex/latex/graphics/graphicx.sty
Package: graphicx 2014/10/28 v1.0g Enhanced LaTeX Graphics (DPC,SPQR)

(/usr/share/texlive/texmf-dist/tex/latex/graphics/keyval.sty
Package: keyval 2014/10/28 v1.15 key=value parser (DPC)
\KV@toks@=\toks14
)
(/usr/share/texlive/texmf-dist/tex/latex/graphics/graphics.sty
Package: graphics 2016/01/03 v1.0q Standard LaTeX Graphics (DPC,SPQR)

(/usr/share/texlive/texmf-dist/tex/latex/graphics/trig.sty
Package: trig 2016/01/03 v1.10 sin cos tan (DPC)
)
(/usr/share/texlive/texmf-dist/tex/latex/latexconfig/graphics.cfg
File: graphics.cfg 2010/04/23 v1.9 graphics configuration of TeX Live
)
Package graphics Info: Driver file: pdftex.def on input line 95.

(/usr/share/texlive/texmf-dist/tex/latex/pdftex-def/pdftex.def
File: pdftex.def 2011/05/27 v0.06d Graphics/color for pdfTeX

(/usr/share/texlive/texmf-dist/tex/generic/oberdiek/infwarerr.sty
Package: infwarerr 2010/04/08 v1.3 Providing info/warning/error messages (HO)
)
(/usr/share/texlive/texmf-dist/tex/generic/oberdiek/ltxcmds.sty
Package: ltxcmds 2011/11/09 v1.22 LaTeX kernel commands for general use (HO)
)
\Gread@gobject=\count79
))
\Gin@req@height=\dimen102
\Gin@req@width=\dimen103
)
(/usr/share/texlive/texmf-dist/tex/latex/graphics/color.sty
Package: color 2016/01/03 v1.1b Standard LaTeX Color (DPC)

(/usr/share/texlive/texmf-dist/tex/latex/latexconfig/color.cfg
File: color.cfg 2007/01/18 v1.5 color configuration of teTeX/TeXLive
)
Package color Info: Driver file: pdftex.def on input line 143.
)
(/usr/share/texlive/texmf-dist/tex/latex/geometry/geometry.sty
Package: geometry 2010/09/12 v5.6 Page Geometry

(/usr/share/texlive/texmf-dist/tex/generic/oberdiek/ifpdf.sty
Package: ifpdf 2011/01/30 v2.3 Provides the ifpdf switch (HO)
Package ifpdf Info: pdfTeX in PDF mode is detected.
)
(/usr/share/texlive/texmf-dist/tex/generic/oberdiek/ifvtex.sty
Package: ifvtex 2010/03/01 v1.5 Detect VTeX and its facilities (HO)
Package ifvtex Info: VTeX not detected.
)
(/usr/share/texlive/texmf-dist/tex/generic/ifxetex/ifxetex.sty
Package: ifxetex 2010/09/12 v0.6 Provides ifxetex conditional
)
\Gm@cnth=\count80
\Gm@cntv=\count81
\c@Gm@tempcnt=\count82
\Gm@bindingoffset=\dimen104
\Gm@wd@mp=\dimen105
\Gm@odd@mp=\dimen106
\Gm@even@mp=\dimen107
\Gm@layoutwidth=\dimen108
\Gm@layoutheight=\dimen109
\Gm@layouthoffset=\dimen110
\Gm@layoutvoffset=\dimen111
\Gm@dimlist=\toks15
)
Using configuration file gnuplot.cfg
(/usr/share/texmf/tex/latex/gnuplot/gnuplot.cfg
(/usr/share/texlive/texmf-dist/tex/latex/base/fontenc.sty
Package: fontenc 2005/09/27 v1.99g Standard LaTeX package

(/usr/share/texlive/texmf-dist/tex/latex/base/t1enc.def
File: t1enc.def 2005/09/27 v1.99g Standard LaTeX file
LaTeX Font Info:    Redeclaring font encoding T1 on input line 48.
))) (./perf_time.aux)
\openout1 = `perf_time.aux'.

LaTeX Font Info:    Checking defaults for OML/cmm/m/it on input line 58.
LaTeX Font Info:    ... okay on input line 58.
LaTeX Font Info:    Checking defaults for T1/cmr/m/n on input line 58.
LaTeX Font Info:    ... okay on input line 58.
LaTeX Font Info:    Checking defaults for OT1/cmr/m/n on input line 58.
LaTeX Font Info:    ... okay on input line 58.
LaTeX Font Info:    Checking defaults for OMS/cmsy/m/n on input line 58.
LaTeX Font Info:    ... okay on input line 58.
LaTeX Font Info:    Checking defaults for OMX/cmex/m/n on input line 58.
LaTeX Font Info:    ... okay on input line 58.
LaTeX Font Info:    Checking defaults for U/cmr/m/n on input line 58.
LaTeX Font Info:    ... okay on input line 58.

(/usr/share/texlive/texmf-dist/tex/context/base/supp-pdf.mkii
[Loading MPS to PDF converter (version 2006.09.02).]
\scratchcounter=\count83
\scratchdimen=\dimen112
\scratchbox=\box26
\nofMPsegments=\count84
\nofMParguments=\count85
\everyMPshowfont=\toks16
\MPscratchCnt=\count86
\MPscratchDim=\dimen113
\MPnumerator=\count87
\makeMPintoPDFobject=\count88
\everyMPtoPDFconversion=\toks17
) (/usr/share/texlive/texmf-dist/tex/generic/oberdiek/pdftexcmds.sty
Package: pdftexcmds 2011/11/29 v0.20 Utility functions of pdfTeX for LuaTeX (HO
)

(/usr/share/texlive/texmf-dist/tex/generic/oberdiek/ifluatex.sty
Package: ifluatex 2010/03/01 v1.3 Provides the ifluatex switch (HO)
Package ifluatex Info: LuaTeX not detected.
)
Package pdftexcmds Info: LuaTeX not detected.
Package pdftexcmds Info: \pdf@primitive is available.
Package pdftexcmds Info: \pdf@ifprimitive is available.
Package pdftexcmds Info: \pdfdraftmode found.
)
(/usr/share/texlive/texmf-dist/tex/latex/oberdiek/epstopdf-base.sty
Package: epstopdf-base 2010/02/09 v2.5 Base part for package epstopdf

(/usr/share/texlive/texmf-dist/tex/latex/oberdiek/grfext.sty
Package: grfext 2010/08/19 v1.1 Manage graphics extensions (HO)

(/usr/share/texlive/texmf-dist/tex/generic/oberdiek/kvdefinekeys.sty
Package: kvdefinekeys 2011/04/07 v1.3 Define keys (HO)
))
(/usr/share/texlive/texmf-dist/tex/latex/oberdiek/kvoptions.sty
Package: kvoptions 2011/06/30 v3.11 Key value format for package options (HO)

(/usr/share/texlive/texmf-dist/tex/generic/oberdiek/kvsetkeys.sty
Package: kvsetkeys 2012/04/25 v1.16 Key value parser (HO)

(/usr/share/texlive/texmf-dist/tex/generic/oberdiek/etexcmds.sty
Package: etexcmds 2011/02/16 v1.5 Avoid name clashes with e-TeX commands (HO)
Package etexcmds Info: Could not find \expanded.
(etexcmds)             That can mean that you are not using pdfTeX 1.50 or
(etexcmds)             that some package has redefined \expanded.
(etexcmds)             In the latter case, load this package earlier.
)))
Package grfext Info: Graphics extension search list:
(grfext)             [.png,.pdf,.jpg,.mps,.jpeg,.jbig2,.jb2,.PNG,.PDF,.JPG,.JPE
G,.JBIG2,.JB2,.eps]
(grfext)             \AppendGraphicsExtensions on input line 452.

(/usr/share/texlive/texmf-dist/tex/latex/latexconfig/epstopdf-sys.cfg
File: epstopdf-sys.cfg 2010/07/13 v1.3 Configuration of (r)epstopdf for TeX Liv
e
))
*geometry* detected driver: pdftex
*geometry* verbose mode - [ preamble ] result:
* driver: pdftex
* paper: custom
* layout: <same size as paper>
* layoutoffset:(h,v)=(0.0pt,0.0pt)
* modes: 
* h-part:(L,W,R)=(0.0pt, 682.85112pt, 0.0pt)
* v-part:(T,H,B)=(0.0pt, 512.11324pt, 0.0pt)
* \paperwidth=682.85112pt
* \paperheight=512.11324pt
* \textwidth=682.85112pt
* \textheight=512.11324pt
* \oddsidemargin=-72.26999pt
* \evensidemargin=-72.26999pt
* \topmargin=-109.26999pt
* \headheight=12.0pt
* \headsep=25.0pt
* \topskip=11.0pt
* \footskip=30.0pt
* \marginparwidth=4.0pt
* \marginparsep=10.0pt
* \columnsep=0.0pt
* \skip\footins=10.0pt plus 4.0pt minus 2.0pt
* \hoffset=0.0pt
* \voffset=0.0pt
* \mag=1000
* \@twocolumnfalse
* \@twosidefalse
* \@mparswitchfalse
* \@reversemarginfalse
* (1in=72.27pt=25.4mm, 1cm=28.453pt)

\gptboxheight=\skip41
\gptboxwidth=\skip42
\gptboxtext=\box27
LaTeX Font Info:    External font `cmex10' loaded for size
(Font)              <7> on input line 180.
LaTeX Font Info:    External font `cmex10' loaded for size
(Font)              <5> on input line 180.
Package epstopdf Info: Source file: <perf_time-inc.eps>
(epstopdf)                    date: 2019-01-23 08:36:08
(epstopdf)                    size: 21576 bytes
(epstopdf)             Output file: <perf_time-inc-eps-converted-to.pdf>
(epstopdf)                    date: 2019-01-14 10:14:45
(epstopdf)                    size: 4414 bytes
(epstopdf)             Command: <repstopdf --outfile=perf_time-inc-eps-converte
d-to.pdf perf_time-inc.eps>
(epstopdf)             \includegraphics on input line 181.
runsystem(repstopdf --outfile=perf_time-inc-eps-converted-to.pdf perf_time-inc.
eps)...executed safely (allowed).

Package epstopdf Info: Result file: <perf_time-inc-eps-converted-to.pdf>
(epstopdf)                    date: 2019-01-23 08:37:26
(epstopdf)                    size: 4440 bytes.


pdfTeX warning: pdflatex (file ./perf_time-inc-eps-converted-to.pdf): PDF inclu
sion: found PDF version <1.7>, but at most version <1.5> allowed
<perf_time-inc-eps-converted-to.pdf, id=1, 682.55pt x 511.9125pt>
File: perf_time-inc-eps-converted-to.pdf Graphic file (type pdf)

<use perf_time-inc-eps-converted-to.pdf>
Package pdftex.def Info: perf_time-inc-eps-converted-to.pdf used on input line 
181.
(pdftex.def)             Requested size: 682.54834pt x 511.91125pt.
LaTeX Font Info:    External font `cmex10' loaded for size
(Font)              <10.95> on input line 182.
LaTeX Font Info:    External font `cmex10' loaded for size
(Font)              <8> on input line 182.
LaTeX Font Info:    External font `cmex10' loaded for size
(Font)              <6> on input line 182.
 [1{/var/lib/texmf/fonts/map/pdftex/updmap/pdftex.map} <./perf_time-inc-eps-con
verted-to.pdf>] (./perf_time.aux) ) 
Here is how much of TeX's memory you used:
 2100 strings out of 493029
 29444 string characters out of 6136233
 93104 words of memory out of 5000000
 5612 multiletter control sequences out of 15000+600000
 7911 words of font info for 25 fonts, out of 8000000 for 9000
 1141 hyphenation exceptions out of 8191
 38i,6n,31p,235b,230s stack positions out of 5000i,500n,10000p,200000b,80000s
{/usr/share/texmf/fonts/enc/dvips/cm-super/c
m-super-t1.enc}</usr/share/texlive/texmf-dist/fonts/type1/public/amsfonts/cm/cm
mi10.pfb></usr/share/texlive/texmf-dist/fonts/type1/public/amsfonts/cm/cmmi8.pf
b></usr/share/texlive/texmf-dist/fonts/type1/public/amsfonts/cm/cmr10.pfb></usr
/share/texlive/texmf-dist/fonts/type1/public/amsfonts/cm/cmr7.pfb></usr/share/t
exlive/texmf-dist/fonts/type1/public/amsfonts/cm/cmr8.pfb></usr/share/texlive/t
exmf-dist/fonts/type1/public/amsfonts/cm/cmsy7.pfb></usr/share/texlive/texmf-di
st/fonts/type1/public/amsfonts/cm/cmsy8.pfb></usr/share/texmf/fonts/type1/publi
c/cm-super/sfrm1095.pfb>
Output written on perf_time.pdf (1 page, 72882 bytes).
PDF statistics:
 44 PDF objects out of 1000 (max. 8388607)
 31 compressed objects within 1 object stream
 0 named destinations out of 1000 (max. 500000)
 6 words of extra memory for PDF output out of 10000 (max. 10000000)

